<?xml version="1.0" encoding="UTF-8"?>
<!-- Generated by org.testng.reporters.JUnitXMLReporter -->
<testsuite hostname="LAPTOP-O680H5P2" ignored="0" name="Zoopla.com" tests="5" failures="1" timestamp="23 Aug 2019 05:47:46 GMT" time="87.996" errors="0">
  <testcase name="verifyhomePageTitleTest" time="0.391" classname="com.zoopla.tests.HomePageTest"/>
  <testcase name="verifysearchLocation" time="5.708" classname="com.zoopla.tests.HomePageTest"/>
  <testcase name="getAllPropertiesPrice" time="3.271" classname="com.zoopla.tests.ForSalePageTest"/>
  <testcase name="getAgentDetailTest" time="0.212" classname="com.zoopla.tests.PropertyDtlPageTest"/>
  <testcase name="verifyAgentDetailTest" time="0.05" classname="com.zoopla.tests.AgentDetailsPageTest">
    <failure type="java.lang.AssertionError" message="expected [Equity - Hertford Road, EN3] but found []">
      <![CDATA[java.lang.AssertionError: expected [Equity - Hertford Road, EN3] but found []
at com.zoopla.tests.AgentDetailsPageTest.verifyAgentDetailTest(AgentDetailsPageTest.java:47)
... Removed 34 stack frames]]>
    </failure>
  </testcase> <!-- verifyAgentDetailTest -->
</testsuite> <!-- Zoopla.com -->
